2013-05-23 14:08:36.549 10419 DEBUG heat.engine.clients [-] Using backend <class 'heat.engine.clients.OpenStackClients'> <module> /usr/local/lib/python2.7/dist-packages/heat-2013.2.a280.g1435487-py2.7.egg/heat/engine/clients.py:255
2013-05-23 14:08:36.560 10419 INFO heat.engine.resource [-] Registering resource type AWS::AutoScaling::ScalingPolicy
2013-05-23 14:08:36.560 10419 INFO heat.engine.resource [-] Registering resource type AWS::AutoScaling::AutoScalingGroup
2013-05-23 14:08:36.561 10419 INFO heat.engine.resource [-] Registering resource type AWS::AutoScaling::LaunchConfiguration
2013-05-23 14:08:36.561 10419 INFO heat.engine.resource [-] Registering resource type OS::Heat::InstanceGroup
2013-05-23 14:08:36.561 10419 INFO heat.engine.resource [-] Registering resource type AWS::CloudWatch::Alarm
2013-05-23 14:08:36.604 10419 INFO heat.engine.resource [-] Registering resource type AWS::RDS::DBInstance
2013-05-23 14:08:36.605 10419 INFO heat.engine.resource [-] Registering resource type AWS::EC2::EIP
2013-05-23 14:08:36.605 10419 INFO heat.engine.resource [-] Registering resource type AWS::EC2::EIPAssociation
2013-05-23 14:08:36.610 10419 INFO heat.engine.resource [-] Registering resource type AWS::EC2::Instance
2013-05-23 14:08:36.611 10419 INFO heat.engine.resource [-] Registering resource type OS::Heat::HARestarter
2013-05-23 14:08:36.611 10419 INFO heat.engine.resource [-] Registering resource type AWS::EC2::InternetGateway
2013-05-23 14:08:36.612 10419 INFO heat.engine.resource [-] Registering resource type AWS::EC2::VPCGatewayAttachment
2013-05-23 14:08:36.612 10419 INFO heat.engine.resource [-] Registering resource type AWS::ElasticLoadBalancing::LoadBalancer
2013-05-23 14:08:36.613 10419 INFO heat.engine.resource [-] Registering resource type AWS::EC2::NetworkInterface
2013-05-23 14:08:36.614 10419 INFO heat.engine.resource [-] Registering resource type OS::Quantum::FloatingIPAssociation
2013-05-23 14:08:36.614 10419 INFO heat.engine.resource [-] Registering resource type OS::Quantum::FloatingIP
2013-05-23 14:08:36.615 10419 INFO heat.engine.resource [-] Registering resource type OS::Quantum::Net
2013-05-23 14:08:36.616 10419 INFO heat.engine.resource [-] Registering resource type OS::Quantum::Port
2013-05-23 14:08:36.617 10419 INFO heat.engine.resource [-] Registering resource type OS::Quantum::Router
2013-05-23 14:08:36.617 10419 INFO heat.engine.resource [-] Registering resource type OS::Quantum::RouterGateway
2013-05-23 14:08:36.617 10419 INFO heat.engine.resource [-] Registering resource type OS::Quantum::RouterInterface
2013-05-23 14:08:36.618 10419 INFO heat.engine.resource [-] Registering resource type OS::Quantum::Subnet
2013-05-23 14:08:36.618 10419 INFO heat.engine.resource [-] Registering resource type AWS::EC2::SubnetRouteTableAssocation
2013-05-23 14:08:36.619 10419 INFO heat.engine.resource [-] Registering resource type AWS::EC2::RouteTable
2013-05-23 14:08:36.619 10419 INFO heat.engine.resource [-] Registering resource type AWS::S3::Bucket
2013-05-23 14:08:36.620 10419 INFO heat.engine.resource [-] Registering resource type AWS::EC2::SecurityGroup
2013-05-23 14:08:36.621 10419 INFO heat.engine.resource [-] Registering resource type AWS::CloudFormation::Stack
2013-05-23 14:08:36.622 10419 INFO heat.engine.resource [-] Registering resource type AWS::EC2::Subnet
2013-05-23 14:08:36.622 10419 INFO heat.engine.resource [-] Registering resource type OS::Swift::Container
2013-05-23 14:08:36.623 10419 INFO heat.engine.resource [-] Registering resource type AWS::IAM::User
2013-05-23 14:08:36.623 10419 INFO heat.engine.resource [-] Registering resource type AWS::IAM::AccessKey
2013-05-23 14:08:36.623 10419 INFO heat.engine.resource [-] Registering resource type OS::Heat::AccessPolicy
2013-05-23 14:08:36.627 10419 INFO heat.engine.resource [-] Registering resource type AWS::EC2::VolumeAttachment
2013-05-23 14:08:36.627 10419 INFO heat.engine.resource [-] Registering resource type AWS::EC2::Volume
2013-05-23 14:08:36.627 10419 INFO heat.engine.resource [-] Registering resource type OS::Cinder::VolumeAttachment
2013-05-23 14:08:36.628 10419 INFO heat.engine.resource [-] Registering resource type OS::Cinder::Volume
2013-05-23 14:08:36.628 10419 INFO heat.engine.resource [-] Registering resource type AWS::EC2::VPC
2013-05-23 14:08:36.630 10419 INFO heat.engine.resource [-] Registering resource type AWS::CloudFormation::WaitConditionHandle
2013-05-23 14:08:36.630 10419 INFO heat.engine.resource [-] Registering resource type AWS::CloudFormation::WaitCondition
2013-05-23 14:08:36.632 10419 DEBUG heat.openstack.common.service [-] Full set of CONF: wait /usr/local/lib/python2.7/dist-packages/heat-2013.2.a280.g1435487-py2.7.egg/heat/openstack/common/service.py:112
2013-05-23 14:08:36.632 10419 DEBUG heat.openstack.common.service [-] ******************************************************************************** log_opt_values /usr/local/lib/python2.7/dist-packages/oslo/config/cfg.py:1468
2013-05-23 14:08:36.632 10419 DEBUG heat.openstack.common.service [-] Configuration options gathered from: log_opt_values /usr/local/lib/python2.7/dist-packages/oslo/config/cfg.py:1469
2013-05-23 14:08:36.633 10419 DEBUG heat.openstack.common.service [-] command line args: [] log_opt_values /usr/local/lib/python2.7/dist-packages/oslo/config/cfg.py:1470
2013-05-23 14:08:36.633 10419 DEBUG heat.openstack.common.service [-] config files: ['/etc/heat/heat-engine.conf'] log_opt_values /usr/local/lib/python2.7/dist-packages/oslo/config/cfg.py:1471
2013-05-23 14:08:36.633 10419 DEBUG heat.openstack.common.service [-] ================================================================================ log_opt_values /usr/local/lib/python2.7/dist-packages/oslo/config/cfg.py:1472
2013-05-23 14:08:36.633 10419 DEBUG heat.openstack.common.service [-] allowed_rpc_exception_modules  = ['heat.openstack.common.exception', 'nova.exception', 'cinder.exception', 'exceptions'] log_opt_values /usr/local/lib/python2.7/dist-packages/oslo/config/cfg.py:1481
2013-05-23 14:08:36.633 10419 DEBUG heat.openstack.common.service [-] backdoor_port                  = None log_opt_values /usr/local/lib/python2.7/dist-packages/oslo/config/cfg.py:1481
2013-05-23 14:08:36.634 10419 DEBUG heat.openstack.common.service [-] cloud_backend                  = None log_opt_values /usr/local/lib/python2.7/dist-packages/oslo/config/cfg.py:1481
2013-05-23 14:08:36.634 10419 DEBUG heat.openstack.common.service [-] config_dir                     = None log_opt_values /usr/local/lib/python2.7/dist-packages/oslo/config/cfg.py:1481
2013-05-23 14:08:36.634 10419 DEBUG heat.openstack.common.service [-] config_file                    = ['/etc/heat/heat-engine.conf'] log_opt_values /usr/local/lib/python2.7/dist-packages/oslo/config/cfg.py:1481
2013-05-23 14:08:36.634 10419 DEBUG heat.openstack.common.service [-] control_exchange               = heat log_opt_values /usr/local/lib/python2.7/dist-packages/oslo/config/cfg.py:1481
2013-05-23 14:08:36.634 10419 DEBUG heat.openstack.common.service [-] debug                          = True log_opt_values /usr/local/lib/python2.7/dist-packages/oslo/config/cfg.py:1481
2013-05-23 14:08:36.634 10419 DEBUG heat.openstack.common.service [-] default_log_levels             = ['amqplib=WARN', 'sqlalchemy=WARN', 'qpid.messaging=INFO', 'keystone=INFO', 'eventlet.wsgi.server=WARN'] log_opt_values /usr/local/lib/python2.7/dist-packages/oslo/config/cfg.py:1481
2013-05-23 14:08:36.635 10419 DEBUG heat.openstack.common.service [-] ec2_listen                     = 0.0.0.0 log_opt_values /usr/local/lib/python2.7/dist-packages/oslo/config/cfg.py:1481
2013-05-23 14:08:36.635 10419 DEBUG heat.openstack.common.service [-] ec2_listen_port                = 8773 log_opt_values /usr/local/lib/python2.7/dist-packages/oslo/config/cfg.py:1481
2013-05-23 14:08:36.635 10419 DEBUG heat.openstack.common.service [-] fake_rabbit                    = False log_opt_values /usr/local/lib/python2.7/dist-packages/oslo/config/cfg.py:1481
2013-05-23 14:08:36.635 10419 DEBUG heat.openstack.common.service [-] fatal_deprecations             = False log_opt_values /usr/local/lib/python2.7/dist-packages/oslo/config/cfg.py:1481
2013-05-23 14:08:36.635 10419 DEBUG heat.openstack.common.service [-] heat_metadata_server_url       = http://127.0.0.1:8000 log_opt_values /usr/local/lib/python2.7/dist-packages/oslo/config/cfg.py:1481
2013-05-23 14:08:36.635 10419 DEBUG heat.openstack.common.service [-] heat_stack_user_role           = heat_stack_user log_opt_values /usr/local/lib/python2.7/dist-packages/oslo/config/cfg.py:1481
2013-05-23 14:08:36.636 10419 DEBUG heat.openstack.common.service [-] heat_waitcondition_server_url  = http://127.0.0.1:8000/v1/waitcondition log_opt_values /usr/local/lib/python2.7/dist-packages/oslo/config/cfg.py:1481
2013-05-23 14:08:36.636 10419 DEBUG heat.openstack.common.service [-] heat_watch_server_url          = http://127.0.0.1:8003 log_opt_values /usr/local/lib/python2.7/dist-packages/oslo/config/cfg.py:1481
2013-05-23 14:08:36.636 10419 DEBUG heat.openstack.common.service [-] host                           = devstack3 log_opt_values /usr/local/lib/python2.7/dist-packages/oslo/config/cfg.py:1481
2013-05-23 14:08:36.636 10419 DEBUG heat.openstack.common.service [-] instance_connection_https_validate_certificates = 1 log_opt_values /usr/local/lib/python2.7/dist-packages/oslo/config/cfg.py:1481
2013-05-23 14:08:36.637 10419 DEBUG heat.openstack.common.service [-] instance_connection_is_secure  = 0 log_opt_values /usr/local/lib/python2.7/dist-packages/oslo/config/cfg.py:1481
2013-05-23 14:08:36.637 10419 DEBUG heat.openstack.common.service [-] instance_driver                = heat.engine.nova log_opt_values /usr/local/lib/python2.7/dist-packages/oslo/config/cfg.py:1481
2013-05-23 14:08:36.637 10419 DEBUG heat.openstack.common.service [-] instance_format                = [instance: %(uuid)s]  log_opt_values /usr/local/lib/python2.7/dist-packages/oslo/config/cfg.py:1481
2013-05-23 14:08:36.637 10419 DEBUG heat.openstack.common.service [-] instance_user                  = ec2-user log_opt_values /usr/local/lib/python2.7/dist-packages/oslo/config/cfg.py:1481
2013-05-23 14:08:36.637 10419 DEBUG heat.openstack.common.service [-] instance_uuid_format           = [instance: %(uuid)s]  log_opt_values /usr/local/lib/python2.7/dist-packages/oslo/config/cfg.py:1481
2013-05-23 14:08:36.638 10419 DEBUG heat.openstack.common.service [-] log_config                     = None log_opt_values /usr/local/lib/python2.7/dist-packages/oslo/config/cfg.py:1481
2013-05-23 14:08:36.638 10419 DEBUG heat.openstack.common.service [-] log_date_format                = %Y-%m-%d %H:%M:%S log_opt_values /usr/local/lib/python2.7/dist-packages/oslo/config/cfg.py:1481
2013-05-23 14:08:36.638 10419 DEBUG heat.openstack.common.service [-] log_dir                        = None log_opt_values /usr/local/lib/python2.7/dist-packages/oslo/config/cfg.py:1481
2013-05-23 14:08:36.638 10419 DEBUG heat.openstack.common.service [-] log_file                       = /var/log/heat/engine.log log_opt_values /usr/local/lib/python2.7/dist-packages/oslo/config/cfg.py:1481
2013-05-23 14:08:36.638 10419 DEBUG heat.openstack.common.service [-] log_format                     = %(asctime)s %(levelname)8s [%(name)s] %(message)s log_opt_values /usr/local/lib/python2.7/dist-packages/oslo/config/cfg.py:1481
2013-05-23 14:08:36.638 10419 DEBUG heat.openstack.common.service [-] logfile_mode                   = 0644 log_opt_values /usr/local/lib/python2.7/dist-packages/oslo/config/cfg.py:1481
2013-05-23 14:08:36.639 10419 DEBUG heat.openstack.common.service [-] logging_context_format_string  = %(asctime)s.%(msecs)03d %(levelname)s %(name)s [%(request_id)s %(user)s %(tenant)s] %(instance)s%(message)s log_opt_values /usr/local/lib/python2.7/dist-packages/oslo/config/cfg.py:1481
2013-05-23 14:08:36.639 10419 DEBUG heat.openstack.common.service [-] logging_debug_format_suffix    = %(funcName)s %(pathname)s:%(lineno)d log_opt_values /usr/local/lib/python2.7/dist-packages/oslo/config/cfg.py:1481
2013-05-23 14:08:36.639 10419 DEBUG heat.openstack.common.service [-] logging_default_format_string  = %(asctime)s.%(msecs)03d %(process)d %(levelname)s %(name)s [-] %(instance)s%(message)s log_opt_values /usr/local/lib/python2.7/dist-packages/oslo/config/cfg.py:1481
2013-05-23 14:08:36.639 10419 DEBUG heat.openstack.common.service [-] logging_exception_prefix       = %(asctime)s.%(msecs)03d %(process)d TRACE %(name)s %(instance)s log_opt_values /usr/local/lib/python2.7/dist-packages/oslo/config/cfg.py:1481
2013-05-23 14:08:36.639 10419 DEBUG heat.openstack.common.service [-] osapi_compute_listen           = 0.0.0.0 log_opt_values /usr/local/lib/python2.7/dist-packages/oslo/config/cfg.py:1481
2013-05-23 14:08:36.640 10419 DEBUG heat.openstack.common.service [-] osapi_compute_listen_port      = 8774 log_opt_values /usr/local/lib/python2.7/dist-packages/oslo/config/cfg.py:1481
2013-05-23 14:08:36.640 10419 DEBUG heat.openstack.common.service [-] osapi_volume_listen            = 0.0.0.0 log_opt_values /usr/local/lib/python2.7/dist-packages/oslo/config/cfg.py:1481
2013-05-23 14:08:36.640 10419 DEBUG heat.openstack.common.service [-] osapi_volume_listen_port       = 8776 log_opt_values /usr/local/lib/python2.7/dist-packages/oslo/config/cfg.py:1481
2013-05-23 14:08:36.640 10419 DEBUG heat.openstack.common.service [-] periodic_interval              = 60 log_opt_values /usr/local/lib/python2.7/dist-packages/oslo/config/cfg.py:1481
2013-05-23 14:08:36.640 10419 DEBUG heat.openstack.common.service [-] plugin_dirs                    = ['/usr/lib64/heat', '/usr/lib/heat'] log_opt_values /usr/local/lib/python2.7/dist-packages/oslo/config/cfg.py:1481
2013-05-23 14:08:36.640 10419 DEBUG heat.openstack.common.service [-] publish_errors                 = False log_opt_values /usr/local/lib/python2.7/dist-packages/oslo/config/cfg.py:1481
2013-05-23 14:08:36.641 10419 DEBUG heat.openstack.common.service [-] report_interval                = 10 log_opt_values /usr/local/lib/python2.7/dist-packages/oslo/config/cfg.py:1481
2013-05-23 14:08:36.641 10419 DEBUG heat.openstack.common.service [-] rpc_backend                    = heat.openstack.common.rpc.impl_kombu log_opt_values /usr/local/lib/python2.7/dist-packages/oslo/config/cfg.py:1481
2013-05-23 14:08:36.641 10419 DEBUG heat.openstack.common.service [-] rpc_cast_timeout               = 30 log_opt_values /usr/local/lib/python2.7/dist-packages/oslo/config/cfg.py:1481
2013-05-23 14:08:36.641 10419 DEBUG heat.openstack.common.service [-] rpc_conn_pool_size             = 30 log_opt_values /usr/local/lib/python2.7/dist-packages/oslo/config/cfg.py:1481
2013-05-23 14:08:36.641 10419 DEBUG heat.openstack.common.service [-] rpc_response_timeout           = 60 log_opt_values /usr/local/lib/python2.7/dist-packages/oslo/config/cfg.py:1481
2013-05-23 14:08:36.641 10419 DEBUG heat.openstack.common.service [-] rpc_thread_pool_size           = 64 log_opt_values /usr/local/lib/python2.7/dist-packages/oslo/config/cfg.py:1481
2013-05-23 14:08:36.642 10419 DEBUG heat.openstack.common.service [-] sql_connection                 = mysql://heat:heat@localhost/heat log_opt_values /usr/local/lib/python2.7/dist-packages/oslo/config/cfg.py:1481
2013-05-23 14:08:36.642 10419 DEBUG heat.openstack.common.service [-] sql_idle_timeout               = 3600 log_opt_values /usr/local/lib/python2.7/dist-packages/oslo/config/cfg.py:1481
2013-05-23 14:08:36.642 10419 DEBUG heat.openstack.common.service [-] syslog_log_facility            = LOG_USER log_opt_values /usr/local/lib/python2.7/dist-packages/oslo/config/cfg.py:1481
2013-05-23 14:08:36.642 10419 DEBUG heat.openstack.common.service [-] use_stderr                     = False log_opt_values /usr/local/lib/python2.7/dist-packages/oslo/config/cfg.py:1481
2013-05-23 14:08:36.642 10419 DEBUG heat.openstack.common.service [-] use_syslog                     = False log_opt_values /usr/local/lib/python2.7/dist-packages/oslo/config/cfg.py:1481
2013-05-23 14:08:36.642 10419 DEBUG heat.openstack.common.service [-] verbose                        = True log_opt_values /usr/local/lib/python2.7/dist-packages/oslo/config/cfg.py:1481
2013-05-23 14:08:36.643 10419 DEBUG heat.openstack.common.service [-] ******************************************************************************** log_opt_values /usr/local/lib/python2.7/dist-packages/oslo/config/cfg.py:1491
2013-05-23 14:08:36.667 10419 INFO heat.openstack.common.rpc.common [-] Connected to AMQP server on localhost:5672
2013-05-23 14:08:36.667 10419 DEBUG heat.openstack.common.rpc.service [-] Creating Consumer connection for Service engine start /usr/local/lib/python2.7/dist-packages/heat-2013.2.a280.g1435487-py2.7.egg/heat/openstack/common/rpc/service.py:48
2013-05-23 14:08:36.838 10419 ERROR heat.openstack.common.threadgroup [-] (OperationalError) (1045, "Access denied for user 'heat'@'localhost' (using password: YES)") None None
2013-05-23 14:08:36.838 10419 TRACE heat.openstack.common.threadgroup Traceback (most recent call last):
2013-05-23 14:08:36.838 10419 TRACE heat.openstack.common.threadgroup   File "/usr/local/lib/python2.7/dist-packages/heat-2013.2.a280.g1435487-py2.7.egg/heat/openstack/common/threadgroup.py", line 110, in wait
2013-05-23 14:08:36.838 10419 TRACE heat.openstack.common.threadgroup     x.wait()
2013-05-23 14:08:36.838 10419 TRACE heat.openstack.common.threadgroup   File "/usr/local/lib/python2.7/dist-packages/heat-2013.2.a280.g1435487-py2.7.egg/heat/openstack/common/threadgroup.py", line 49, in wait
2013-05-23 14:08:36.838 10419 TRACE heat.openstack.common.threadgroup     return self.thread.wait()
2013-05-23 14:08:36.838 10419 TRACE heat.openstack.common.threadgroup   File "/usr/local/lib/python2.7/dist-packages/eventlet/greenthread.py", line 168, in wait
2013-05-23 14:08:36.838 10419 TRACE heat.openstack.common.threadgroup     return self._exit_event.wait()
2013-05-23 14:08:36.838 10419 TRACE heat.openstack.common.threadgroup   File "/usr/local/lib/python2.7/dist-packages/eventlet/event.py", line 116, in wait
2013-05-23 14:08:36.838 10419 TRACE heat.openstack.common.threadgroup     return hubs.get_hub().switch()
2013-05-23 14:08:36.838 10419 TRACE heat.openstack.common.threadgroup   File "/usr/local/lib/python2.7/dist-packages/eventlet/hubs/hub.py", line 187, in switch
2013-05-23 14:08:36.838 10419 TRACE heat.openstack.common.threadgroup     return self.greenlet.switch()
2013-05-23 14:08:36.838 10419 TRACE heat.openstack.common.threadgroup   File "/usr/local/lib/python2.7/dist-packages/eventlet/greenthread.py", line 194, in main
2013-05-23 14:08:36.838 10419 TRACE heat.openstack.common.threadgroup     result = function(*args, **kwargs)
2013-05-23 14:08:36.838 10419 TRACE heat.openstack.common.threadgroup   File "/usr/local/lib/python2.7/dist-packages/heat-2013.2.a280.g1435487-py2.7.egg/heat/openstack/common/service.py", line 65, in run_service
2013-05-23 14:08:36.838 10419 TRACE heat.openstack.common.threadgroup     service.start()
2013-05-23 14:08:36.838 10419 TRACE heat.openstack.common.threadgroup   File "/usr/local/lib/python2.7/dist-packages/heat-2013.2.a280.g1435487-py2.7.egg/heat/engine/service.py", line 106, in start
2013-05-23 14:08:36.838 10419 TRACE heat.openstack.common.threadgroup     stacks = db_api.stack_get_all(admin_context)
2013-05-23 14:08:36.838 10419 TRACE heat.openstack.common.threadgroup   File "/usr/local/lib/python2.7/dist-packages/heat-2013.2.a280.g1435487-py2.7.egg/heat/db/api.py", line 104, in stack_get_all
2013-05-23 14:08:36.838 10419 TRACE heat.openstack.common.threadgroup     return IMPL.stack_get_all(context)
2013-05-23 14:08:36.838 10419 TRACE heat.openstack.common.threadgroup   File "/usr/local/lib/python2.7/dist-packages/heat-2013.2.a280.g1435487-py2.7.egg/heat/db/sqlalchemy/api.py", line 142, in stack_get_all
2013-05-23 14:08:36.838 10419 TRACE heat.openstack.common.threadgroup     filter_by(owner_id=None).all()
2013-05-23 14:08:36.838 10419 TRACE heat.openstack.common.threadgroup   File "/usr/local/lib/python2.7/dist-packages/sqlalchemy/orm/query.py", line 2115, in all
2013-05-23 14:08:36.838 10419 TRACE heat.openstack.common.threadgroup     return list(self)
2013-05-23 14:08:36.838 10419 TRACE heat.openstack.common.threadgroup   File "/usr/local/lib/python2.7/dist-packages/sqlalchemy/orm/query.py", line 2227, in __iter__
2013-05-23 14:08:36.838 10419 TRACE heat.openstack.common.threadgroup     return self._execute_and_instances(context)
2013-05-23 14:08:36.838 10419 TRACE heat.openstack.common.threadgroup   File "/usr/local/lib/python2.7/dist-packages/sqlalchemy/orm/query.py", line 2240, in _execute_and_instances
2013-05-23 14:08:36.838 10419 TRACE heat.openstack.common.threadgroup     close_with_result=True)
2013-05-23 14:08:36.838 10419 TRACE heat.openstack.common.threadgroup   File "/usr/local/lib/python2.7/dist-packages/sqlalchemy/orm/query.py", line 2231, in _connection_from_session
2013-05-23 14:08:36.838 10419 TRACE heat.openstack.common.threadgroup     **kw)
2013-05-23 14:08:36.838 10419 TRACE heat.openstack.common.threadgroup   File "/usr/local/lib/python2.7/dist-packages/sqlalchemy/orm/session.py", line 777, in connection
2013-05-23 14:08:36.838 10419 TRACE heat.openstack.common.threadgroup     close_with_result=close_with_result)
2013-05-23 14:08:36.838 10419 TRACE heat.openstack.common.threadgroup   File "/usr/local/lib/python2.7/dist-packages/sqlalchemy/orm/session.py", line 783, in _connection_for_bind
2013-05-23 14:08:36.838 10419 TRACE heat.openstack.common.threadgroup     return engine.contextual_connect(**kwargs)
2013-05-23 14:08:36.838 10419 TRACE heat.openstack.common.threadgroup   File "/usr/local/lib/python2.7/dist-packages/sqlalchemy/engine/base.py", line 2489, in contextual_connect
2013-05-23 14:08:36.838 10419 TRACE heat.openstack.common.threadgroup     self.pool.connect(),
2013-05-23 14:08:36.838 10419 TRACE heat.openstack.common.threadgroup   File "/usr/local/lib/python2.7/dist-packages/sqlalchemy/pool.py", line 236, in connect
2013-05-23 14:08:36.838 10419 TRACE heat.openstack.common.threadgroup     return _ConnectionFairy(self).checkout()
2013-05-23 14:08:36.838 10419 TRACE heat.openstack.common.threadgroup   File "/usr/local/lib/python2.7/dist-packages/sqlalchemy/pool.py", line 401, in __init__
2013-05-23 14:08:36.838 10419 TRACE heat.openstack.common.threadgroup     rec = self._connection_record = pool._do_get()
2013-05-23 14:08:36.838 10419 TRACE heat.openstack.common.threadgroup   File "/usr/local/lib/python2.7/dist-packages/sqlalchemy/pool.py", line 746, in _do_get
2013-05-23 14:08:36.838 10419 TRACE heat.openstack.common.threadgroup     con = self._create_connection()
2013-05-23 14:08:36.838 10419 TRACE heat.openstack.common.threadgroup   File "/usr/local/lib/python2.7/dist-packages/sqlalchemy/pool.py", line 189, in _create_connection
2013-05-23 14:08:36.838 10419 TRACE heat.openstack.common.threadgroup     return _ConnectionRecord(self)
2013-05-23 14:08:36.838 10419 TRACE heat.openstack.common.threadgroup   File "/usr/local/lib/python2.7/dist-packages/sqlalchemy/pool.py", line 282, in __init__
2013-05-23 14:08:36.838 10419 TRACE heat.openstack.common.threadgroup     self.connection = self.__connect()
2013-05-23 14:08:36.838 10419 TRACE heat.openstack.common.threadgroup   File "/usr/local/lib/python2.7/dist-packages/sqlalchemy/pool.py", line 344, in __connect
2013-05-23 14:08:36.838 10419 TRACE heat.openstack.common.threadgroup     connection = self.__pool._creator()
2013-05-23 14:08:36.838 10419 TRACE heat.openstack.common.threadgroup   File "/usr/local/lib/python2.7/dist-packages/sqlalchemy/engine/strategies.py", line 80, in connect
2013-05-23 14:08:36.838 10419 TRACE heat.openstack.common.threadgroup     return dialect.connect(*cargs, **cparams)
2013-05-23 14:08:36.838 10419 TRACE heat.openstack.common.threadgroup   File "/usr/local/lib/python2.7/dist-packages/sqlalchemy/engine/default.py", line 281, in connect
2013-05-23 14:08:36.838 10419 TRACE heat.openstack.common.threadgroup     return self.dbapi.connect(*cargs, **cparams)
2013-05-23 14:08:36.838 10419 TRACE heat.openstack.common.threadgroup   File "/usr/lib/python2.7/dist-packages/MySQLdb/__init__.py", line 81, in Connect
2013-05-23 14:08:36.838 10419 TRACE heat.openstack.common.threadgroup     return Connection(*args, **kwargs)
2013-05-23 14:08:36.838 10419 TRACE heat.openstack.common.threadgroup   File "/usr/lib/python2.7/dist-packages/MySQLdb/connections.py", line 187, in __init__
2013-05-23 14:08:36.838 10419 TRACE heat.openstack.common.threadgroup     super(Connection, self).__init__(*args, **kwargs2)
2013-05-23 14:08:36.838 10419 TRACE heat.openstack.common.threadgroup OperationalError: (OperationalError) (1045, "Access denied for user 'heat'@'localhost' (using password: YES)") None None
2013-05-23 14:08:36.838 10419 TRACE heat.openstack.common.threadgroup 
2013-05-23 14:09:17.285 10451 DEBUG heat.engine.clients [-] Using backend <class 'heat.engine.clients.OpenStackClients'> <module> /usr/local/lib/python2.7/dist-packages/heat-2013.2.a280.g1435487-py2.7.egg/heat/engine/clients.py:255
2013-05-23 14:09:17.296 10451 INFO heat.engine.resource [-] Registering resource type AWS::AutoScaling::ScalingPolicy
2013-05-23 14:09:17.296 10451 INFO heat.engine.resource [-] Registering resource type AWS::AutoScaling::AutoScalingGroup
2013-05-23 14:09:17.296 10451 INFO heat.engine.resource [-] Registering resource type AWS::AutoScaling::LaunchConfiguration
2013-05-23 14:09:17.296 10451 INFO heat.engine.resource [-] Registering resource type OS::Heat::InstanceGroup
2013-05-23 14:09:17.297 10451 INFO heat.engine.resource [-] Registering resource type AWS::CloudWatch::Alarm
2013-05-23 14:09:17.338 10451 INFO heat.engine.resource [-] Registering resource type AWS::RDS::DBInstance
2013-05-23 14:09:17.338 10451 INFO heat.engine.resource [-] Registering resource type AWS::EC2::EIP
2013-05-23 14:09:17.339 10451 INFO heat.engine.resource [-] Registering resource type AWS::EC2::EIPAssociation
2013-05-23 14:09:17.344 10451 INFO heat.engine.resource [-] Registering resource type AWS::EC2::Instance
2013-05-23 14:09:17.344 10451 INFO heat.engine.resource [-] Registering resource type OS::Heat::HARestarter
2013-05-23 14:09:17.345 10451 INFO heat.engine.resource [-] Registering resource type AWS::EC2::InternetGateway
2013-05-23 14:09:17.345 10451 INFO heat.engine.resource [-] Registering resource type AWS::EC2::VPCGatewayAttachment
2013-05-23 14:09:17.346 10451 INFO heat.engine.resource [-] Registering resource type AWS::ElasticLoadBalancing::LoadBalancer
2013-05-23 14:09:17.346 10451 INFO heat.engine.resource [-] Registering resource type AWS::EC2::NetworkInterface
2013-05-23 14:09:17.347 10451 INFO heat.engine.resource [-] Registering resource type OS::Quantum::FloatingIPAssociation
2013-05-23 14:09:17.348 10451 INFO heat.engine.resource [-] Registering resource type OS::Quantum::FloatingIP
2013-05-23 14:09:17.348 10451 INFO heat.engine.resource [-] Registering resource type OS::Quantum::Net
2013-05-23 14:09:17.349 10451 INFO heat.engine.resource [-] Registering resource type OS::Quantum::Port
2013-05-23 14:09:17.350 10451 INFO heat.engine.resource [-] Registering resource type OS::Quantum::Router
2013-05-23 14:09:17.350 10451 INFO heat.engine.resource [-] Registering resource type OS::Quantum::RouterGateway
2013-05-23 14:09:17.350 10451 INFO heat.engine.resource [-] Registering resource type OS::Quantum::RouterInterface
2013-05-23 14:09:17.351 10451 INFO heat.engine.resource [-] Registering resource type OS::Quantum::Subnet
2013-05-23 14:09:17.351 10451 INFO heat.engine.resource [-] Registering resource type AWS::EC2::SubnetRouteTableAssocation
2013-05-23 14:09:17.352 10451 INFO heat.engine.resource [-] Registering resource type AWS::EC2::RouteTable
2013-05-23 14:09:17.352 10451 INFO heat.engine.resource [-] Registering resource type AWS::S3::Bucket
2013-05-23 14:09:17.353 10451 INFO heat.engine.resource [-] Registering resource type AWS::EC2::SecurityGroup
2013-05-23 14:09:17.354 10451 INFO heat.engine.resource [-] Registering resource type AWS::CloudFormation::Stack
2013-05-23 14:09:17.354 10451 INFO heat.engine.resource [-] Registering resource type AWS::EC2::Subnet
2013-05-23 14:09:17.355 10451 INFO heat.engine.resource [-] Registering resource type OS::Swift::Container
2013-05-23 14:09:17.356 10451 INFO heat.engine.resource [-] Registering resource type AWS::IAM::User
2013-05-23 14:09:17.356 10451 INFO heat.engine.resource [-] Registering resource type AWS::IAM::AccessKey
2013-05-23 14:09:17.356 10451 INFO heat.engine.resource [-] Registering resource type OS::Heat::AccessPolicy
2013-05-23 14:09:17.360 10451 INFO heat.engine.resource [-] Registering resource type AWS::EC2::VolumeAttachment
2013-05-23 14:09:17.360 10451 INFO heat.engine.resource [-] Registering resource type AWS::EC2::Volume
2013-05-23 14:09:17.360 10451 INFO heat.engine.resource [-] Registering resource type OS::Cinder::VolumeAttachment
2013-05-23 14:09:17.360 10451 INFO heat.engine.resource [-] Registering resource type OS::Cinder::Volume
2013-05-23 14:09:17.361 10451 INFO heat.engine.resource [-] Registering resource type AWS::EC2::VPC
2013-05-23 14:09:17.362 10451 INFO heat.engine.resource [-] Registering resource type AWS::CloudFormation::WaitConditionHandle
2013-05-23 14:09:17.363 10451 INFO heat.engine.resource [-] Registering resource type AWS::CloudFormation::WaitCondition
2013-05-23 14:09:17.365 10451 DEBUG heat.openstack.common.service [-] Full set of CONF: wait /usr/local/lib/python2.7/dist-packages/heat-2013.2.a280.g1435487-py2.7.egg/heat/openstack/common/service.py:112
2013-05-23 14:09:17.365 10451 DEBUG heat.openstack.common.service [-] ******************************************************************************** log_opt_values /usr/local/lib/python2.7/dist-packages/oslo/config/cfg.py:1468
2013-05-23 14:09:17.365 10451 DEBUG heat.openstack.common.service [-] Configuration options gathered from: log_opt_values /usr/local/lib/python2.7/dist-packages/oslo/config/cfg.py:1469
2013-05-23 14:09:17.365 10451 DEBUG heat.openstack.common.service [-] command line args: [] log_opt_values /usr/local/lib/python2.7/dist-packages/oslo/config/cfg.py:1470
2013-05-23 14:09:17.366 10451 DEBUG heat.openstack.common.service [-] config files: ['/etc/heat/heat-engine.conf'] log_opt_values /usr/local/lib/python2.7/dist-packages/oslo/config/cfg.py:1471
2013-05-23 14:09:17.366 10451 DEBUG heat.openstack.common.service [-] ================================================================================ log_opt_values /usr/local/lib/python2.7/dist-packages/oslo/config/cfg.py:1472
2013-05-23 14:09:17.366 10451 DEBUG heat.openstack.common.service [-] allowed_rpc_exception_modules  = ['heat.openstack.common.exception', 'nova.exception', 'cinder.exception', 'exceptions'] log_opt_values /usr/local/lib/python2.7/dist-packages/oslo/config/cfg.py:1481
2013-05-23 14:09:17.366 10451 DEBUG heat.openstack.common.service [-] backdoor_port                  = None log_opt_values /usr/local/lib/python2.7/dist-packages/oslo/config/cfg.py:1481
2013-05-23 14:09:17.366 10451 DEBUG heat.openstack.common.service [-] cloud_backend                  = None log_opt_values /usr/local/lib/python2.7/dist-packages/oslo/config/cfg.py:1481
2013-05-23 14:09:17.367 10451 DEBUG heat.openstack.common.service [-] config_dir                     = None log_opt_values /usr/local/lib/python2.7/dist-packages/oslo/config/cfg.py:1481
2013-05-23 14:09:17.367 10451 DEBUG heat.openstack.common.service [-] config_file                    = ['/etc/heat/heat-engine.conf'] log_opt_values /usr/local/lib/python2.7/dist-packages/oslo/config/cfg.py:1481
2013-05-23 14:09:17.367 10451 DEBUG heat.openstack.common.service [-] control_exchange               = heat log_opt_values /usr/local/lib/python2.7/dist-packages/oslo/config/cfg.py:1481
2013-05-23 14:09:17.367 10451 DEBUG heat.openstack.common.service [-] debug                          = True log_opt_values /usr/local/lib/python2.7/dist-packages/oslo/config/cfg.py:1481
2013-05-23 14:09:17.367 10451 DEBUG heat.openstack.common.service [-] default_log_levels             = ['amqplib=WARN', 'sqlalchemy=WARN', 'qpid.messaging=INFO', 'keystone=INFO', 'eventlet.wsgi.server=WARN'] log_opt_values /usr/local/lib/python2.7/dist-packages/oslo/config/cfg.py:1481
2013-05-23 14:09:17.367 10451 DEBUG heat.openstack.common.service [-] ec2_listen                     = 0.0.0.0 log_opt_values /usr/local/lib/python2.7/dist-packages/oslo/config/cfg.py:1481
2013-05-23 14:09:17.368 10451 DEBUG heat.openstack.common.service [-] ec2_listen_port                = 8773 log_opt_values /usr/local/lib/python2.7/dist-packages/oslo/config/cfg.py:1481
2013-05-23 14:09:17.368 10451 DEBUG heat.openstack.common.service [-] fake_rabbit                    = False log_opt_values /usr/local/lib/python2.7/dist-packages/oslo/config/cfg.py:1481
2013-05-23 14:09:17.368 10451 DEBUG heat.openstack.common.service [-] fatal_deprecations             = False log_opt_values /usr/local/lib/python2.7/dist-packages/oslo/config/cfg.py:1481
2013-05-23 14:09:17.368 10451 DEBUG heat.openstack.common.service [-] heat_metadata_server_url       = http://127.0.0.1:8000 log_opt_values /usr/local/lib/python2.7/dist-packages/oslo/config/cfg.py:1481
2013-05-23 14:09:17.368 10451 DEBUG heat.openstack.common.service [-] heat_stack_user_role           = heat_stack_user log_opt_values /usr/local/lib/python2.7/dist-packages/oslo/config/cfg.py:1481
2013-05-23 14:09:17.368 10451 DEBUG heat.openstack.common.service [-] heat_waitcondition_server_url  = http://127.0.0.1:8000/v1/waitcondition log_opt_values /usr/local/lib/python2.7/dist-packages/oslo/config/cfg.py:1481
2013-05-23 14:09:17.369 10451 DEBUG heat.openstack.common.service [-] heat_watch_server_url          = http://127.0.0.1:8003 log_opt_values /usr/local/lib/python2.7/dist-packages/oslo/config/cfg.py:1481
2013-05-23 14:09:17.369 10451 DEBUG heat.openstack.common.service [-] host                           = devstack3 log_opt_values /usr/local/lib/python2.7/dist-packages/oslo/config/cfg.py:1481
2013-05-23 14:09:17.369 10451 DEBUG heat.openstack.common.service [-] instance_connection_https_validate_certificates = 1 log_opt_values /usr/local/lib/python2.7/dist-packages/oslo/config/cfg.py:1481
2013-05-23 14:09:17.369 10451 DEBUG heat.openstack.common.service [-] instance_connection_is_secure  = 0 log_opt_values /usr/local/lib/python2.7/dist-packages/oslo/config/cfg.py:1481
2013-05-23 14:09:17.369 10451 DEBUG heat.openstack.common.service [-] instance_driver                = heat.engine.nova log_opt_values /usr/local/lib/python2.7/dist-packages/oslo/config/cfg.py:1481
2013-05-23 14:09:17.369 10451 DEBUG heat.openstack.common.service [-] instance_format                = [instance: %(uuid)s]  log_opt_values /usr/local/lib/python2.7/dist-packages/oslo/config/cfg.py:1481
2013-05-23 14:09:17.370 10451 DEBUG heat.openstack.common.service [-] instance_user                  = ec2-user log_opt_values /usr/local/lib/python2.7/dist-packages/oslo/config/cfg.py:1481
2013-05-23 14:09:17.370 10451 DEBUG heat.openstack.common.service [-] instance_uuid_format           = [instance: %(uuid)s]  log_opt_values /usr/local/lib/python2.7/dist-packages/oslo/config/cfg.py:1481
2013-05-23 14:09:17.370 10451 DEBUG heat.openstack.common.service [-] log_config                     = None log_opt_values /usr/local/lib/python2.7/dist-packages/oslo/config/cfg.py:1481
2013-05-23 14:09:17.370 10451 DEBUG heat.openstack.common.service [-] log_date_format                = %Y-%m-%d %H:%M:%S log_opt_values /usr/local/lib/python2.7/dist-packages/oslo/config/cfg.py:1481
2013-05-23 14:09:17.370 10451 DEBUG heat.openstack.common.service [-] log_dir                        = None log_opt_values /usr/local/lib/python2.7/dist-packages/oslo/config/cfg.py:1481
2013-05-23 14:09:17.371 10451 DEBUG heat.openstack.common.service [-] log_file                       = /var/log/heat/engine.log log_opt_values /usr/local/lib/python2.7/dist-packages/oslo/config/cfg.py:1481
2013-05-23 14:09:17.371 10451 DEBUG heat.openstack.common.service [-] log_format                     = %(asctime)s %(levelname)8s [%(name)s] %(message)s log_opt_values /usr/local/lib/python2.7/dist-packages/oslo/config/cfg.py:1481
2013-05-23 14:09:17.371 10451 DEBUG heat.openstack.common.service [-] logfile_mode                   = 0644 log_opt_values /usr/local/lib/python2.7/dist-packages/oslo/config/cfg.py:1481
2013-05-23 14:09:17.371 10451 DEBUG heat.openstack.common.service [-] logging_context_format_string  = %(asctime)s.%(msecs)03d %(levelname)s %(name)s [%(request_id)s %(user)s %(tenant)s] %(instance)s%(message)s log_opt_values /usr/local/lib/python2.7/dist-packages/oslo/config/cfg.py:1481
2013-05-23 14:09:17.372 10451 DEBUG heat.openstack.common.service [-] logging_debug_format_suffix    = %(funcName)s %(pathname)s:%(lineno)d log_opt_values /usr/local/lib/python2.7/dist-packages/oslo/config/cfg.py:1481
2013-05-23 14:09:17.372 10451 DEBUG heat.openstack.common.service [-] logging_default_format_string  = %(asctime)s.%(msecs)03d %(process)d %(levelname)s %(name)s [-] %(instance)s%(message)s log_opt_values /usr/local/lib/python2.7/dist-packages/oslo/config/cfg.py:1481
2013-05-23 14:09:17.372 10451 DEBUG heat.openstack.common.service [-] logging_exception_prefix       = %(asctime)s.%(msecs)03d %(process)d TRACE %(name)s %(instance)s log_opt_values /usr/local/lib/python2.7/dist-packages/oslo/config/cfg.py:1481
2013-05-23 14:09:17.372 10451 DEBUG heat.openstack.common.service [-] osapi_compute_listen           = 0.0.0.0 log_opt_values /usr/local/lib/python2.7/dist-packages/oslo/config/cfg.py:1481
2013-05-23 14:09:17.372 10451 DEBUG heat.openstack.common.service [-] osapi_compute_listen_port      = 8774 log_opt_values /usr/local/lib/python2.7/dist-packages/oslo/config/cfg.py:1481
2013-05-23 14:09:17.372 10451 DEBUG heat.openstack.common.service [-] osapi_volume_listen            = 0.0.0.0 log_opt_values /usr/local/lib/python2.7/dist-packages/oslo/config/cfg.py:1481
2013-05-23 14:09:17.373 10451 DEBUG heat.openstack.common.service [-] osapi_volume_listen_port       = 8776 log_opt_values /usr/local/lib/python2.7/dist-packages/oslo/config/cfg.py:1481
2013-05-23 14:09:17.373 10451 DEBUG heat.openstack.common.service [-] periodic_interval              = 60 log_opt_values /usr/local/lib/python2.7/dist-packages/oslo/config/cfg.py:1481
2013-05-23 14:09:17.373 10451 DEBUG heat.openstack.common.service [-] plugin_dirs                    = ['/usr/lib64/heat', '/usr/lib/heat'] log_opt_values /usr/local/lib/python2.7/dist-packages/oslo/config/cfg.py:1481
2013-05-23 14:09:17.373 10451 DEBUG heat.openstack.common.service [-] publish_errors                 = False log_opt_values /usr/local/lib/python2.7/dist-packages/oslo/config/cfg.py:1481
2013-05-23 14:09:17.373 10451 DEBUG heat.openstack.common.service [-] report_interval                = 10 log_opt_values /usr/local/lib/python2.7/dist-packages/oslo/config/cfg.py:1481
2013-05-23 14:09:17.373 10451 DEBUG heat.openstack.common.service [-] rpc_backend                    = heat.openstack.common.rpc.impl_kombu log_opt_values /usr/local/lib/python2.7/dist-packages/oslo/config/cfg.py:1481
2013-05-23 14:09:17.374 10451 DEBUG heat.openstack.common.service [-] rpc_cast_timeout               = 30 log_opt_values /usr/local/lib/python2.7/dist-packages/oslo/config/cfg.py:1481
2013-05-23 14:09:17.374 10451 DEBUG heat.openstack.common.service [-] rpc_conn_pool_size             = 30 log_opt_values /usr/local/lib/python2.7/dist-packages/oslo/config/cfg.py:1481
2013-05-23 14:09:17.374 10451 DEBUG heat.openstack.common.service [-] rpc_response_timeout           = 60 log_opt_values /usr/local/lib/python2.7/dist-packages/oslo/config/cfg.py:1481
2013-05-23 14:09:17.374 10451 DEBUG heat.openstack.common.service [-] rpc_thread_pool_size           = 64 log_opt_values /usr/local/lib/python2.7/dist-packages/oslo/config/cfg.py:1481
2013-05-23 14:09:17.374 10451 DEBUG heat.openstack.common.service [-] sql_connection                 = mysql://heat:heat@localhost/heat log_opt_values /usr/local/lib/python2.7/dist-packages/oslo/config/cfg.py:1481
2013-05-23 14:09:17.374 10451 DEBUG heat.openstack.common.service [-] sql_idle_timeout               = 3600 log_opt_values /usr/local/lib/python2.7/dist-packages/oslo/config/cfg.py:1481
2013-05-23 14:09:17.375 10451 DEBUG heat.openstack.common.service [-] syslog_log_facility            = LOG_USER log_opt_values /usr/local/lib/python2.7/dist-packages/oslo/config/cfg.py:1481
2013-05-23 14:09:17.375 10451 DEBUG heat.openstack.common.service [-] use_stderr                     = False log_opt_values /usr/local/lib/python2.7/dist-packages/oslo/config/cfg.py:1481
2013-05-23 14:09:17.375 10451 DEBUG heat.openstack.common.service [-] use_syslog                     = False log_opt_values /usr/local/lib/python2.7/dist-packages/oslo/config/cfg.py:1481
2013-05-23 14:09:17.375 10451 DEBUG heat.openstack.common.service [-] verbose                        = True log_opt_values /usr/local/lib/python2.7/dist-packages/oslo/config/cfg.py:1481
2013-05-23 14:09:17.375 10451 DEBUG heat.openstack.common.service [-] ******************************************************************************** log_opt_values /usr/local/lib/python2.7/dist-packages/oslo/config/cfg.py:1491
2013-05-23 14:09:17.399 10451 INFO heat.openstack.common.rpc.common [-] Connected to AMQP server on localhost:5672
2013-05-23 14:09:17.400 10451 DEBUG heat.openstack.common.rpc.service [-] Creating Consumer connection for Service engine start /usr/local/lib/python2.7/dist-packages/heat-2013.2.a280.g1435487-py2.7.egg/heat/openstack/common/rpc/service.py:48
2013-05-23 15:02:12.570 10451 INFO heat.openstack.common.service [-] Caught SIGTERM, exiting
